<?xml version="1.0" encoding="UTF-8"?>
<!-- Generated by org.testng.reporters.JUnitXMLReporter -->
<testsuite ignored="0" hostname="LTIN519067" failures="0" tests="6" name="ChromeTest" time="184.406" errors="0" timestamp="2024-03-29T17:24:44 IST">
  <testcase classname="testCases.TC_001_News_Around_Cognizant" name="validateUser" time="15.88"/>
  <testcase classname="testCases.TC_001_News_Around_Cognizant" name="validationOfAroundCognizant" time="3.137"/>
  <testcase classname="testCases.TC_001_News_Around_Cognizant" name="newsAroundCognizantFirstPage" time="6.317"/>
  <testcase classname="testCases.TC_001_News_Around_Cognizant" name="clickSeeAll" time="9.249"/>
  <testcase classname="testCases.TC_001_News_Around_Cognizant" name="SecondPage" time="5.37"/>
  <testcase classname="testCases.TC_001_News_Around_Cognizant" name="top5News" time="132.745"/>
</testsuite> <!-- ChromeTest -->
