<?xml version="1.0" encoding="UTF-8"?>
<!-- Generated by org.testng.reporters.JUnitXMLReporter -->
<testsuite ignored="0" hostname="LTIN519067" failures="0" tests="6" name="EdgeTest" time="180.725" errors="0" timestamp="2024-03-29T17:27:52 IST">
  <testcase classname="testCases.TC_001_News_Around_Cognizant" name="validateUser" time="15.615"/>
  <testcase classname="testCases.TC_001_News_Around_Cognizant" name="validationOfAroundCognizant" time="3.119"/>
  <testcase classname="testCases.TC_001_News_Around_Cognizant" name="newsAroundCognizantFirstPage" time="5.408"/>
  <testcase classname="testCases.TC_001_News_Around_Cognizant" name="clickSeeAll" time="9.232"/>
  <testcase classname="testCases.TC_001_News_Around_Cognizant" name="SecondPage" time="5.291"/>
  <testcase classname="testCases.TC_001_News_Around_Cognizant" name="top5News" time="132.205"/>
</testsuite> <!-- EdgeTest -->
