<?xml version="1.0" encoding="UTF-8"?>
<!-- Generated by org.testng.reporters.JUnitXMLReporter -->
<testsuite ignored="0" hostname="LTIN519067" failures="0" tests="6" name="Test" time="186.995" errors="0" timestamp="2024-03-29T14:09:46 IST">
  <testcase classname="testCases.TC_001_News_Around_Cognizant" name="validateUser" time="14.551"/>
  <testcase classname="testCases.TC_001_News_Around_Cognizant" name="validationOfAroundCognizant" time="3.159"/>
  <testcase classname="testCases.TC_001_News_Around_Cognizant" name="newsAroundCognizantFirstPage" time="6.226"/>
  <testcase classname="testCases.TC_001_News_Around_Cognizant" name="clickSeeAll" time="9.236"/>
  <testcase classname="testCases.TC_001_News_Around_Cognizant" name="SecondPage" time="5.365"/>
  <testcase classname="testCases.TC_001_News_Around_Cognizant" name="top5News" time="131.154"/>
</testsuite> <!-- Test -->
